<?xml version="1.0" encoding="UTF-8"?>
<!-- Generated by org.testng.reporters.JUnitXMLReporter -->
<testsuite ignored="2" hostname="kanchana" failures="0" tests="3" name="Test" time="61.061" errors="0" timestamp="2024-08-02T17:18:40 IST">
  <testcase classname="TestPackage.AddToCartTestCase" name="addtocarttestcases" time="4.966"/>
  <testcase classname="TestPackage.BuyProductTestCases" name="buyProduct" time="35.756"/>
  <testcase classname="TestPackage.RemoveProductFromTestCases" name="removerProductTC" time="5.9"/>
  <testcase classname="TestPackage.InvalidLoginTestCases" name="invalidLoginTC" time="0.0">
    <ignored/>
  </testcase> <!-- invalidLoginTC -->
  <testcase classname="TestPackage.ValidLoginTestCase" name="loginTC" time="0.0">
    <ignored/>
  </testcase> <!-- loginTC -->
</testsuite> <!-- Test -->
